<?xml version="1.0" encoding="UTF-8"?>
<testsuite name="al.bruno.AppTest" tests="1" skipped="0" failures="0" errors="0" timestamp="2019-10-07T14:25:08" hostname="LHIND-N210189" time="0.002">
  <properties/>
  <testcase name="testAppHasAGreeting" classname="al.bruno.AppTest" time="0.002"/>
  <system-out><![CDATA[]]></system-out>
  <system-err><![CDATA[]]></system-err>
</testsuite>
