<?xml version="1.0" encoding="UTF-8"?>
<testsuite name="al.bruno.AppTest" tests="3" skipped="0" failures="3" errors="0" timestamp="2021-04-16T14:28:24" hostname="Brunos-MacBook-Pro.local" time="0.026">
  <properties/>
  <testcase name="exampleTest" classname="al.bruno.AppTest" time="0.026">
    <failure message="java.lang.LinkageError: Loading ObjectBox native library failed: vendor=JetBrains s.r.o.,os=mac os x,os.arch=aarch64,sun.arch=64,android=false,linux=false" type="java.lang.LinkageError">java.lang.LinkageError: Loading ObjectBox native library failed: vendor=JetBrains s.r.o.,os=mac os x,os.arch=aarch64,sun.arch=64,android=false,linux=false
	at io.objectbox.internal.NativeLibraryLoader.&lt;clinit&gt;(NativeLibraryLoader.java:109)
	at io.objectbox.BoxStore.&lt;init&gt;(BoxStore.java:199)
	at io.objectbox.BoxStoreBuilder.build(BoxStoreBuilder.java:383)
	at al.bruno.di.FakeModule.providesBoxStore(FakeModule.java:29)
	at al.bruno.di.FakeModule_ProvidesBoxStoreFactory.providesBoxStore(FakeModule_ProvidesBoxStoreFactory.java:40)
	at al.bruno.di.FakeModule_ProvidesBoxStoreFactory.get(FakeModule_ProvidesBoxStoreFactory.java:31)
	at al.bruno.di.FakeModule_ProvidesBoxStoreFactory.get(FakeModule_ProvidesBoxStoreFactory.java:10)
	at dagger.internal.DoubleCheck.get(DoubleCheck.java:47)
	at al.bruno.di.FakeModule_ProvideBoxDictionaryFactory.get(FakeModule_ProvideBoxDictionaryFactory.java:34)
	at al.bruno.di.FakeModule_ProvideBoxDictionaryFactory.get(FakeModule_ProvideBoxDictionaryFactory.java:12)
	at dagger.internal.DoubleCheck.get(DoubleCheck.java:47)
	at al.bruno.di.DaggerTestComponent.dictionaryLocalDataSource(DaggerTestComponent.java:44)
	at al.bruno.di.DaggerTestComponent.dictionaryRepository(DaggerTestComponent.java:48)
	at al.bruno.di.DaggerTestComponent.injectAppTest(DaggerTestComponent.java:74)
	at al.bruno.di.DaggerTestComponent.inject(DaggerTestComponent.java:65)
	at al.bruno.AppTest.setUp(AppTest.java:33)
	at java.base/jdk.internal.reflect.NativeMethodAccessorImpl.invoke0(Native Method)
	at java.base/jdk.internal.reflect.NativeMethodAccessorImpl.invoke(NativeMethodAccessorImpl.java:62)
	at java.base/jdk.internal.reflect.DelegatingMethodAccessorImpl.invoke(DelegatingMethodAccessorImpl.java:43)
	at java.base/java.lang.reflect.Method.invoke(Method.java:566)
	at org.junit.runners.model.FrameworkMethod$1.runReflectiveCall(FrameworkMethod.java:50)
	at org.junit.internal.runners.model.ReflectiveCallable.run(ReflectiveCallable.java:12)
	at org.junit.runners.model.FrameworkMethod.invokeExplosively(FrameworkMethod.java:47)
	at org.junit.internal.runners.statements.RunBefores.evaluate(RunBefores.java:24)
	at org.junit.internal.runners.statements.RunAfters.evaluate(RunAfters.java:27)
	at org.junit.runners.ParentRunner.runLeaf(ParentRunner.java:325)
	at org.junit.runners.BlockJUnit4ClassRunner.runChild(BlockJUnit4ClassRunner.java:78)
	at org.junit.runners.BlockJUnit4ClassRunner.runChild(BlockJUnit4ClassRunner.java:57)
	at org.junit.runners.ParentRunner$3.run(ParentRunner.java:290)
	at org.junit.runners.ParentRunner$1.schedule(ParentRunner.java:71)
	at org.junit.runners.ParentRunner.runChildren(ParentRunner.java:288)
	at org.junit.runners.ParentRunner.access$000(ParentRunner.java:58)
	at org.junit.runners.ParentRunner$2.evaluate(ParentRunner.java:268)
	at org.junit.runners.ParentRunner.run(ParentRunner.java:363)
	at org.gradle.api.internal.tasks.testing.junit.JUnitTestClassExecutor.runTestClass(JUnitTestClassExecutor.java:110)
	at org.gradle.api.internal.tasks.testing.junit.JUnitTestClassExecutor.execute(JUnitTestClassExecutor.java:58)
	at org.gradle.api.internal.tasks.testing.junit.JUnitTestClassExecutor.execute(JUnitTestClassExecutor.java:38)
	at org.gradle.api.internal.tasks.testing.junit.AbstractJUnitTestClassProcessor.processTestClass(AbstractJUnitTestClassProcessor.java:62)
	at org.gradle.api.internal.tasks.testing.SuiteTestClassProcessor.processTestClass(SuiteTestClassProcessor.java:51)
	at java.base/jdk.internal.reflect.NativeMethodAccessorImpl.invoke0(Native Method)
	at java.base/jdk.internal.reflect.NativeMethodAccessorImpl.invoke(NativeMethodAccessorImpl.java:62)
	at java.base/jdk.internal.reflect.DelegatingMethodAccessorImpl.invoke(DelegatingMethodAccessorImpl.java:43)
	at java.base/java.lang.reflect.Method.invoke(Method.java:566)
	at org.gradle.internal.dispatch.ReflectionDispatch.dispatch(ReflectionDispatch.java:35)
	at org.gradle.internal.dispatch.ReflectionDispatch.dispatch(ReflectionDispatch.java:24)
	at org.gradle.internal.dispatch.ContextClassLoaderDispatch.dispatch(ContextClassLoaderDispatch.java:32)
	at org.gradle.internal.dispatch.ProxyDispatchAdapter$DispatchingInvocationHandler.invoke(ProxyDispatchAdapter.java:93)
	at com.sun.proxy.$Proxy2.processTestClass(Unknown Source)
	at org.gradle.api.internal.tasks.testing.worker.TestWorker.processTestClass(TestWorker.java:118)
	at java.base/jdk.internal.reflect.NativeMethodAccessorImpl.invoke0(Native Method)
	at java.base/jdk.internal.reflect.NativeMethodAccessorImpl.invoke(NativeMethodAccessorImpl.java:62)
	at java.base/jdk.internal.reflect.DelegatingMethodAccessorImpl.invoke(DelegatingMethodAccessorImpl.java:43)
	at java.base/java.lang.reflect.Method.invoke(Method.java:566)
	at org.gradle.internal.dispatch.ReflectionDispatch.dispatch(ReflectionDispatch.java:35)
	at org.gradle.internal.dispatch.ReflectionDispatch.dispatch(ReflectionDispatch.java:24)
	at org.gradle.internal.remote.internal.hub.MessageHubBackedObjectConnection$DispatchWrapper.dispatch(MessageHubBackedObjectConnection.java:175)
	at org.gradle.internal.remote.internal.hub.MessageHubBackedObjectConnection$DispatchWrapper.dispatch(MessageHubBackedObjectConnection.java:157)
	at org.gradle.internal.remote.internal.hub.MessageHub$Handler.run(MessageHub.java:404)
	at org.gradle.internal.concurrent.ExecutorPolicy$CatchAndRecordFailures.onExecute(ExecutorPolicy.java:63)
	at org.gradle.internal.concurrent.ManagedExecutorImpl$1.run(ManagedExecutorImpl.java:46)
	at java.base/java.util.concurrent.ThreadPoolExecutor.runWorker(ThreadPoolExecutor.java:1128)
	at java.base/java.util.concurrent.ThreadPoolExecutor$Worker.run(ThreadPoolExecutor.java:628)
	at org.gradle.internal.concurrent.ThreadFactoryImpl$ManagedThreadRunnable.run(ThreadFactoryImpl.java:55)
	at java.base/java.lang.Thread.run(Thread.java:834)
Caused by: java.lang.UnsatisfiedLinkError: /Users/bruno/InteliJIdea/dictionary/libobjectbox-jni-macos-x64.dylib: dlopen(/Users/bruno/InteliJIdea/dictionary/libobjectbox-jni-macos-x64.dylib, 1): no suitable image found.  Did find:
	/Users/bruno/InteliJIdea/dictionary/libobjectbox-jni-macos-x64.dylib: mach-o, but wrong architecture
	/Users/bruno/InteliJIdea/dictionary/libobjectbox-jni-macos-x64.dylib: mach-o, but wrong architecture
	at java.base/java.lang.ClassLoader$NativeLibrary.load0(Native Method)
	at java.base/java.lang.ClassLoader$NativeLibrary.load(ClassLoader.java:2442)
	at java.base/java.lang.ClassLoader$NativeLibrary.loadLibrary(ClassLoader.java:2498)
	at java.base/java.lang.ClassLoader.loadLibrary0(ClassLoader.java:2694)
	at java.base/java.lang.ClassLoader.loadLibrary(ClassLoader.java:2627)
	at java.base/java.lang.Runtime.load0(Runtime.java:768)
	at java.base/java.lang.System.load(System.java:1837)
	at io.objectbox.internal.NativeLibraryLoader.&lt;clinit&gt;(NativeLibraryLoader.java:78)
	... 63 more
</failure>
  </testcase>
  <testcase name="testGet" classname="al.bruno.AppTest" time="0.0">
    <failure message="java.lang.NoClassDefFoundError: Could not initialize class io.objectbox.internal.NativeLibraryLoader" type="java.lang.NoClassDefFoundError">java.lang.NoClassDefFoundError: Could not initialize class io.objectbox.internal.NativeLibraryLoader
	at io.objectbox.BoxStore.&lt;init&gt;(BoxStore.java:199)
	at io.objectbox.BoxStoreBuilder.build(BoxStoreBuilder.java:383)
	at al.bruno.di.FakeModule.providesBoxStore(FakeModule.java:29)
	at al.bruno.di.FakeModule_ProvidesBoxStoreFactory.providesBoxStore(FakeModule_ProvidesBoxStoreFactory.java:40)
	at al.bruno.di.FakeModule_ProvidesBoxStoreFactory.get(FakeModule_ProvidesBoxStoreFactory.java:31)
	at al.bruno.di.FakeModule_ProvidesBoxStoreFactory.get(FakeModule_ProvidesBoxStoreFactory.java:10)
	at dagger.internal.DoubleCheck.get(DoubleCheck.java:47)
	at al.bruno.di.FakeModule_ProvideBoxDictionaryFactory.get(FakeModule_ProvideBoxDictionaryFactory.java:34)
	at al.bruno.di.FakeModule_ProvideBoxDictionaryFactory.get(FakeModule_ProvideBoxDictionaryFactory.java:12)
	at dagger.internal.DoubleCheck.get(DoubleCheck.java:47)
	at al.bruno.di.DaggerTestComponent.dictionaryLocalDataSource(DaggerTestComponent.java:44)
	at al.bruno.di.DaggerTestComponent.dictionaryRepository(DaggerTestComponent.java:48)
	at al.bruno.di.DaggerTestComponent.injectAppTest(DaggerTestComponent.java:74)
	at al.bruno.di.DaggerTestComponent.inject(DaggerTestComponent.java:65)
	at al.bruno.AppTest.setUp(AppTest.java:33)
	at java.base/jdk.internal.reflect.NativeMethodAccessorImpl.invoke0(Native Method)
	at java.base/jdk.internal.reflect.NativeMethodAccessorImpl.invoke(NativeMethodAccessorImpl.java:62)
	at java.base/jdk.internal.reflect.DelegatingMethodAccessorImpl.invoke(DelegatingMethodAccessorImpl.java:43)
	at java.base/java.lang.reflect.Method.invoke(Method.java:566)
	at org.junit.runners.model.FrameworkMethod$1.runReflectiveCall(FrameworkMethod.java:50)
	at org.junit.internal.runners.model.ReflectiveCallable.run(ReflectiveCallable.java:12)
	at org.junit.runners.model.FrameworkMethod.invokeExplosively(FrameworkMethod.java:47)
	at org.junit.internal.runners.statements.RunBefores.evaluate(RunBefores.java:24)
	at org.junit.internal.runners.statements.RunAfters.evaluate(RunAfters.java:27)
	at org.junit.runners.ParentRunner.runLeaf(ParentRunner.java:325)
	at org.junit.runners.BlockJUnit4ClassRunner.runChild(BlockJUnit4ClassRunner.java:78)
	at org.junit.runners.BlockJUnit4ClassRunner.runChild(BlockJUnit4ClassRunner.java:57)
	at org.junit.runners.ParentRunner$3.run(ParentRunner.java:290)
	at org.junit.runners.ParentRunner$1.schedule(ParentRunner.java:71)
	at org.junit.runners.ParentRunner.runChildren(ParentRunner.java:288)
	at org.junit.runners.ParentRunner.access$000(ParentRunner.java:58)
	at org.junit.runners.ParentRunner$2.evaluate(ParentRunner.java:268)
	at org.junit.runners.ParentRunner.run(ParentRunner.java:363)
	at org.gradle.api.internal.tasks.testing.junit.JUnitTestClassExecutor.runTestClass(JUnitTestClassExecutor.java:110)
	at org.gradle.api.internal.tasks.testing.junit.JUnitTestClassExecutor.execute(JUnitTestClassExecutor.java:58)
	at org.gradle.api.internal.tasks.testing.junit.JUnitTestClassExecutor.execute(JUnitTestClassExecutor.java:38)
	at org.gradle.api.internal.tasks.testing.junit.AbstractJUnitTestClassProcessor.processTestClass(AbstractJUnitTestClassProcessor.java:62)
	at org.gradle.api.internal.tasks.testing.SuiteTestClassProcessor.processTestClass(SuiteTestClassProcessor.java:51)
	at java.base/jdk.internal.reflect.NativeMethodAccessorImpl.invoke0(Native Method)
	at java.base/jdk.internal.reflect.NativeMethodAccessorImpl.invoke(NativeMethodAccessorImpl.java:62)
	at java.base/jdk.internal.reflect.DelegatingMethodAccessorImpl.invoke(DelegatingMethodAccessorImpl.java:43)
	at java.base/java.lang.reflect.Method.invoke(Method.java:566)
	at org.gradle.internal.dispatch.ReflectionDispatch.dispatch(ReflectionDispatch.java:35)
	at org.gradle.internal.dispatch.ReflectionDispatch.dispatch(ReflectionDispatch.java:24)
	at org.gradle.internal.dispatch.ContextClassLoaderDispatch.dispatch(ContextClassLoaderDispatch.java:32)
	at org.gradle.internal.dispatch.ProxyDispatchAdapter$DispatchingInvocationHandler.invoke(ProxyDispatchAdapter.java:93)
	at com.sun.proxy.$Proxy2.processTestClass(Unknown Source)
	at org.gradle.api.internal.tasks.testing.worker.TestWorker.processTestClass(TestWorker.java:118)
	at java.base/jdk.internal.reflect.NativeMethodAccessorImpl.invoke0(Native Method)
	at java.base/jdk.internal.reflect.NativeMethodAccessorImpl.invoke(NativeMethodAccessorImpl.java:62)
	at java.base/jdk.internal.reflect.DelegatingMethodAccessorImpl.invoke(DelegatingMethodAccessorImpl.java:43)
	at java.base/java.lang.reflect.Method.invoke(Method.java:566)
	at org.gradle.internal.dispatch.ReflectionDispatch.dispatch(ReflectionDispatch.java:35)
	at org.gradle.internal.dispatch.ReflectionDispatch.dispatch(ReflectionDispatch.java:24)
	at org.gradle.internal.remote.internal.hub.MessageHubBackedObjectConnection$DispatchWrapper.dispatch(MessageHubBackedObjectConnection.java:175)
	at org.gradle.internal.remote.internal.hub.MessageHubBackedObjectConnection$DispatchWrapper.dispatch(MessageHubBackedObjectConnection.java:157)
	at org.gradle.internal.remote.internal.hub.MessageHub$Handler.run(MessageHub.java:404)
	at org.gradle.internal.concurrent.ExecutorPolicy$CatchAndRecordFailures.onExecute(ExecutorPolicy.java:63)
	at org.gradle.internal.concurrent.ManagedExecutorImpl$1.run(ManagedExecutorImpl.java:46)
	at java.base/java.util.concurrent.ThreadPoolExecutor.runWorker(ThreadPoolExecutor.java:1128)
	at java.base/java.util.concurrent.ThreadPoolExecutor$Worker.run(ThreadPoolExecutor.java:628)
	at org.gradle.internal.concurrent.ThreadFactoryImpl$ManagedThreadRunnable.run(ThreadFactoryImpl.java:55)
	at java.base/java.lang.Thread.run(Thread.java:834)
</failure>
  </testcase>
  <testcase name="testInsert" classname="al.bruno.AppTest" time="0.0">
    <failure message="java.lang.NoClassDefFoundError: Could not initialize class io.objectbox.internal.NativeLibraryLoader" type="java.lang.NoClassDefFoundError">java.lang.NoClassDefFoundError: Could not initialize class io.objectbox.internal.NativeLibraryLoader
	at io.objectbox.BoxStore.&lt;init&gt;(BoxStore.java:199)
	at io.objectbox.BoxStoreBuilder.build(BoxStoreBuilder.java:383)
	at al.bruno.di.FakeModule.providesBoxStore(FakeModule.java:29)
	at al.bruno.di.FakeModule_ProvidesBoxStoreFactory.providesBoxStore(FakeModule_ProvidesBoxStoreFactory.java:40)
	at al.bruno.di.FakeModule_ProvidesBoxStoreFactory.get(FakeModule_ProvidesBoxStoreFactory.java:31)
	at al.bruno.di.FakeModule_ProvidesBoxStoreFactory.get(FakeModule_ProvidesBoxStoreFactory.java:10)
	at dagger.internal.DoubleCheck.get(DoubleCheck.java:47)
	at al.bruno.di.FakeModule_ProvideBoxDictionaryFactory.get(FakeModule_ProvideBoxDictionaryFactory.java:34)
	at al.bruno.di.FakeModule_ProvideBoxDictionaryFactory.get(FakeModule_ProvideBoxDictionaryFactory.java:12)
	at dagger.internal.DoubleCheck.get(DoubleCheck.java:47)
	at al.bruno.di.DaggerTestComponent.dictionaryLocalDataSource(DaggerTestComponent.java:44)
	at al.bruno.di.DaggerTestComponent.dictionaryRepository(DaggerTestComponent.java:48)
	at al.bruno.di.DaggerTestComponent.injectAppTest(DaggerTestComponent.java:74)
	at al.bruno.di.DaggerTestComponent.inject(DaggerTestComponent.java:65)
	at al.bruno.AppTest.setUp(AppTest.java:33)
	at java.base/jdk.internal.reflect.NativeMethodAccessorImpl.invoke0(Native Method)
	at java.base/jdk.internal.reflect.NativeMethodAccessorImpl.invoke(NativeMethodAccessorImpl.java:62)
	at java.base/jdk.internal.reflect.DelegatingMethodAccessorImpl.invoke(DelegatingMethodAccessorImpl.java:43)
	at java.base/java.lang.reflect.Method.invoke(Method.java:566)
	at org.junit.runners.model.FrameworkMethod$1.runReflectiveCall(FrameworkMethod.java:50)
	at org.junit.internal.runners.model.ReflectiveCallable.run(ReflectiveCallable.java:12)
	at org.junit.runners.model.FrameworkMethod.invokeExplosively(FrameworkMethod.java:47)
	at org.junit.internal.runners.statements.RunBefores.evaluate(RunBefores.java:24)
	at org.junit.internal.runners.statements.RunAfters.evaluate(RunAfters.java:27)
	at org.junit.runners.ParentRunner.runLeaf(ParentRunner.java:325)
	at org.junit.runners.BlockJUnit4ClassRunner.runChild(BlockJUnit4ClassRunner.java:78)
	at org.junit.runners.BlockJUnit4ClassRunner.runChild(BlockJUnit4ClassRunner.java:57)
	at org.junit.runners.ParentRunner$3.run(ParentRunner.java:290)
	at org.junit.runners.ParentRunner$1.schedule(ParentRunner.java:71)
	at org.junit.runners.ParentRunner.runChildren(ParentRunner.java:288)
	at org.junit.runners.ParentRunner.access$000(ParentRunner.java:58)
	at org.junit.runners.ParentRunner$2.evaluate(ParentRunner.java:268)
	at org.junit.runners.ParentRunner.run(ParentRunner.java:363)
	at org.gradle.api.internal.tasks.testing.junit.JUnitTestClassExecutor.runTestClass(JUnitTestClassExecutor.java:110)
	at org.gradle.api.internal.tasks.testing.junit.JUnitTestClassExecutor.execute(JUnitTestClassExecutor.java:58)
	at org.gradle.api.internal.tasks.testing.junit.JUnitTestClassExecutor.execute(JUnitTestClassExecutor.java:38)
	at org.gradle.api.internal.tasks.testing.junit.AbstractJUnitTestClassProcessor.processTestClass(AbstractJUnitTestClassProcessor.java:62)
	at org.gradle.api.internal.tasks.testing.SuiteTestClassProcessor.processTestClass(SuiteTestClassProcessor.java:51)
	at java.base/jdk.internal.reflect.NativeMethodAccessorImpl.invoke0(Native Method)
	at java.base/jdk.internal.reflect.NativeMethodAccessorImpl.invoke(NativeMethodAccessorImpl.java:62)
	at java.base/jdk.internal.reflect.DelegatingMethodAccessorImpl.invoke(DelegatingMethodAccessorImpl.java:43)
	at java.base/java.lang.reflect.Method.invoke(Method.java:566)
	at org.gradle.internal.dispatch.ReflectionDispatch.dispatch(ReflectionDispatch.java:35)
	at org.gradle.internal.dispatch.ReflectionDispatch.dispatch(ReflectionDispatch.java:24)
	at org.gradle.internal.dispatch.ContextClassLoaderDispatch.dispatch(ContextClassLoaderDispatch.java:32)
	at org.gradle.internal.dispatch.ProxyDispatchAdapter$DispatchingInvocationHandler.invoke(ProxyDispatchAdapter.java:93)
	at com.sun.proxy.$Proxy2.processTestClass(Unknown Source)
	at org.gradle.api.internal.tasks.testing.worker.TestWorker.processTestClass(TestWorker.java:118)
	at java.base/jdk.internal.reflect.NativeMethodAccessorImpl.invoke0(Native Method)
	at java.base/jdk.internal.reflect.NativeMethodAccessorImpl.invoke(NativeMethodAccessorImpl.java:62)
	at java.base/jdk.internal.reflect.DelegatingMethodAccessorImpl.invoke(DelegatingMethodAccessorImpl.java:43)
	at java.base/java.lang.reflect.Method.invoke(Method.java:566)
	at org.gradle.internal.dispatch.ReflectionDispatch.dispatch(ReflectionDispatch.java:35)
	at org.gradle.internal.dispatch.ReflectionDispatch.dispatch(ReflectionDispatch.java:24)
	at org.gradle.internal.remote.internal.hub.MessageHubBackedObjectConnection$DispatchWrapper.dispatch(MessageHubBackedObjectConnection.java:175)
	at org.gradle.internal.remote.internal.hub.MessageHubBackedObjectConnection$DispatchWrapper.dispatch(MessageHubBackedObjectConnection.java:157)
	at org.gradle.internal.remote.internal.hub.MessageHub$Handler.run(MessageHub.java:404)
	at org.gradle.internal.concurrent.ExecutorPolicy$CatchAndRecordFailures.onExecute(ExecutorPolicy.java:63)
	at org.gradle.internal.concurrent.ManagedExecutorImpl$1.run(ManagedExecutorImpl.java:46)
	at java.base/java.util.concurrent.ThreadPoolExecutor.runWorker(ThreadPoolExecutor.java:1128)
	at java.base/java.util.concurrent.ThreadPoolExecutor$Worker.run(ThreadPoolExecutor.java:628)
	at org.gradle.internal.concurrent.ThreadFactoryImpl$ManagedThreadRunnable.run(ThreadFactoryImpl.java:55)
	at java.base/java.lang.Thread.run(Thread.java:834)
</failure>
  </testcase>
  <system-out><![CDATA[]]></system-out>
  <system-err><![CDATA[Unknown os.arch "aarch64" - ObjectBox is defaulting to x64
]]></system-err>
</testsuite>
