<?xml version="1.0" encoding="UTF-8"?>
<testsuite name="al.bruno.AppTest" tests="3" skipped="0" failures="0" errors="0" timestamp="2020-06-22T11:54:46" hostname="LHIND-N211056.local" time="0.124">
  <properties/>
  <testcase name="exampleTest" classname="al.bruno.AppTest" time="0.077"/>
  <testcase name="testGet" classname="al.bruno.AppTest" time="0.014"/>
  <testcase name="testInsert" classname="al.bruno.AppTest" time="0.032"/>
  <system-out><![CDATA[]]></system-out>
  <system-err><![CDATA[]]></system-err>
</testsuite>
